SF:lib\dio_client.dart
DA:41,1
DA:49,3
DA:53,2
DA:79,1
DA:88,2
DA:91,1
DA:93,1
DA:99,1
DA:101,1
DA:105,1
DA:107,1
DA:129,1
DA:140,2
DA:144,1
DA:146,1
DA:153,1
DA:154,1
DA:156,1
DA:157,1
DA:179,1
DA:190,2
DA:194,1
DA:196,1
DA:203,1
DA:204,1
DA:206,1
DA:207,1
DA:227,1
DA:236,2
DA:240,1
DA:242,1
DA:247,1
DA:248,1
DA:250,1
DA:251,1
DA:276,1
DA:286,2
DA:290,1
DA:292,1
DA:293,1
DA:295,2
DA:304,1
DA:307,1
DA:310,1
DA:311,1
DA:337,1
DA:347,2
DA:357,1
DA:359,1
DA:363,1
DA:365,1
DA:378,1
DA:386,1
DA:392,1
DA:393,1
DA:396,1
DA:398,1
DA:412,1
DA:418,1
DA:419,1
DA:420,1
DA:421,1
DA:423,1
DA:424,2
DA:427,1
DA:430,1
DA:432,1
DA:435,1
DA:437,1
DA:439,3
DA:443,1
DA:446,1
DA:448,1
DA:450,3
LF:74
LH:74
end_of_record
SF:lib\network_exception.dart
DA:34,6
DA:51,2
DA:53,8
DA:60,2
DA:63,2
DA:68,4
DA:73,2
DA:76,2
DA:77,6
DA:79,4
DA:80,4
DA:85,2
DA:89,2
DA:93,2
DA:97,2
DA:101,2
DA:102,2
DA:103,2
DA:104,2
DA:105,2
DA:106,2
DA:110,2
DA:115,2
DA:124,2
DA:126,10
DA:131,3
DA:134,0
DA:140,2
DA:143,1
DA:148,3
DA:151,0
DA:156,3
DA:160,1
DA:163,2
DA:165,12
LF:35
LH:33
end_of_record
